{"level":"error","message":"Error connecting to MongoDB The `uri` parameter to `openUri()` must be a string, got \"undefined\". Make sure the first parameter to `mongoose.connect()` or `mongoose.createConnection()` is a string.","stack":"MongooseError: The `uri` parameter to `openUri()` must be a string, got \"undefined\". Make sure the first parameter to `mongoose.connect()` or `mongoose.createConnection()` is a string.\n    at NativeConnection.createClient (/Users/kianoosh/tetherchand_com/app/node_modules/mongoose/lib/drivers/node-mongodb-native/connection.js:225:11)\n    at NativeConnection.openUri (/Users/kianoosh/tetherchand_com/app/node_modules/mongoose/lib/connection.js:835:34)\n    at Mongoose.connect (/Users/kianoosh/tetherchand_com/app/node_modules/mongoose/lib/mongoose.js:447:15)\n    at Object.<anonymous> (/Users/kianoosh/tetherchand_com/app/src/index.js:9:10)\n    at Module._compile (node:internal/modules/cjs/loader:1369:14)\n    at Module._extensions..js (node:internal/modules/cjs/loader:1427:10)\n    at Module.load (node:internal/modules/cjs/loader:1206:32)\n    at Module._load (node:internal/modules/cjs/loader:1022:12)\n    at Function.executeUserEntryPoint [as runMain] (node:internal/modules/run_main:135:12)\n    at node:internal/main/run_main_module:28:49","timestamp":"2024-11-15T18:53:04.651Z"}
{"level":"error","message":"Error fetching data for Aban-tether: Request failed with status code 401","timestamp":"2024-11-15T18:53:05.305Z"}
{"level":"error","message":"Error fetching data for Aban-tether: Request failed with status code 401","timestamp":"2024-11-15T18:53:05.366Z"}
{"level":"error","message":"Error fetching data for Aban-tether: Request failed with status code 401","timestamp":"2024-11-15T18:53:05.546Z"}
{"level":"error","message":"Error fetching data for Aban-tether: Request failed with status code 401","timestamp":"2024-11-15T18:53:05.552Z"}
{"level":"error","message":"Error fetching data for Aban-tether: Request failed with status code 401","timestamp":"2024-11-15T18:53:05.562Z"}
{"level":"error","message":"Error fetching data for Aban-tether: Request failed with status code 401","timestamp":"2024-11-15T18:53:05.599Z"}
{"level":"error","message":"Error fetching data for Aban-tether: Request failed with status code 401","timestamp":"2024-11-15T18:53:05.639Z"}
{"level":"error","message":"Error fetching data for Aban-tether: Request failed with status code 401","timestamp":"2024-11-15T18:53:05.648Z"}
{"level":"error","message":"Error fetching data for Aban-tether: Request failed with status code 401","timestamp":"2024-11-15T18:53:05.780Z"}
{"level":"error","message":"Error fetching data for Aban-tether: Request failed with status code 401","timestamp":"2024-11-15T18:53:06.246Z"}
{"level":"error","message":"Error fetching data for Aban-tether: Request failed with status code 401","timestamp":"2024-11-15T18:53:06.247Z"}
{"level":"error","message":"Error fetching data for Aban-tether: Request failed with status code 401","timestamp":"2024-11-15T18:53:06.263Z"}
{"level":"error","message":"Error fetching data for Aban-tether: Request failed with status code 401","timestamp":"2024-11-15T18:53:06.266Z"}
{"level":"error","message":"Error fetching data for Aban-tether: Request failed with status code 401","timestamp":"2024-11-15T18:53:06.267Z"}
{"level":"error","message":"Error fetching data for Aban-tether: Request failed with status code 401","timestamp":"2024-11-15T18:53:06.268Z"}
{"level":"error","message":"Error fetching data for Aban-tether: Request failed with status code 401","timestamp":"2024-11-15T18:53:06.269Z"}
{"level":"error","message":"Error fetching data for Aban-tether: Request failed with status code 401","timestamp":"2024-11-15T18:53:06.269Z"}
{"level":"error","message":"Error fetching data for Aban-tether: Request failed with status code 401","timestamp":"2024-11-15T18:53:06.270Z"}
{"level":"error","message":"Error fetching data for Aban-tether: Request failed with status code 401","timestamp":"2024-11-15T18:53:06.270Z"}
{"level":"error","message":"Error fetching data for Aban-tether: Request failed with status code 401","timestamp":"2024-11-15T18:53:06.271Z"}
{"level":"error","message":"Error fetching data for Aban-tether: Request failed with status code 401","timestamp":"2024-11-15T18:53:06.272Z"}
{"level":"error","message":"Error fetching data for Aban-tether: Request failed with status code 401","timestamp":"2024-11-15T18:53:06.272Z"}
{"level":"error","message":"Error fetching data for Aban-tether: Request failed with status code 401","timestamp":"2024-11-15T18:53:06.273Z"}
{"level":"error","message":"Error fetching data for Aban-tether: Request failed with status code 401","timestamp":"2024-11-15T18:53:06.274Z"}
{"level":"error","message":"Error fetching data for Aban-tether: Request failed with status code 401","timestamp":"2024-11-15T18:53:06.288Z"}
{"level":"error","message":"Error fetching data for Aban-tether: Request failed with status code 401","timestamp":"2024-11-15T18:53:06.290Z"}
{"level":"error","message":"Error fetching data for Aban-tether: Request failed with status code 401","timestamp":"2024-11-15T18:53:06.356Z"}
{"level":"error","message":"Error fetching data for Aban-tether: Request failed with status code 401","timestamp":"2024-11-15T18:53:06.366Z"}
{"level":"error","message":"Error fetching data for Aban-tether: Request failed with status code 401","timestamp":"2024-11-15T18:53:06.367Z"}
{"level":"error","message":"Error fetching data for Aban-tether: Request failed with status code 401","timestamp":"2024-11-15T18:53:06.483Z"}
{"level":"error","message":"Error fetching data for Aban-tether: Request failed with status code 401","timestamp":"2024-11-15T18:53:06.499Z"}
{"level":"error","message":"Error fetching data for Aban-tether: Request failed with status code 401","timestamp":"2024-11-15T18:53:06.515Z"}
{"level":"error","message":"Error fetching data for Kifepool: Request failed with status code 429","timestamp":"2024-11-15T18:53:06.515Z"}
{"level":"error","message":"Error fetching data for Kifepool: Request failed with status code 429","timestamp":"2024-11-15T18:53:06.518Z"}
{"level":"error","message":"Error fetching data for Kifepool: Request failed with status code 429","timestamp":"2024-11-15T18:53:06.534Z"}
{"level":"error","message":"Error fetching data for Kifepool: Request failed with status code 429","timestamp":"2024-11-15T18:53:06.536Z"}
{"level":"error","message":"Error fetching data for Kifepool: Request failed with status code 429","timestamp":"2024-11-15T18:53:06.932Z"}
{"level":"error","message":"Error fetching data for Aban-tether: Request failed with status code 401","timestamp":"2024-11-15T18:53:06.932Z"}
{"level":"error","message":"Error fetching data for Aban-tether: Request failed with status code 401","timestamp":"2024-11-15T18:53:06.948Z"}
{"level":"error","message":"Error fetching data for Kifepool: Request failed with status code 429","timestamp":"2024-11-15T18:53:06.949Z"}
{"level":"error","message":"Error fetching data for Kifepool: Request failed with status code 429","timestamp":"2024-11-15T18:53:06.949Z"}
{"level":"error","message":"Error fetching data for Kifepool: Request failed with status code 429","timestamp":"2024-11-15T18:53:06.949Z"}
{"level":"error","message":"Error fetching data for Kifepool: Request failed with status code 429","timestamp":"2024-11-15T18:53:06.950Z"}
{"level":"error","message":"Error fetching data for Kifepool: Request failed with status code 429","timestamp":"2024-11-15T18:53:06.954Z"}
{"level":"error","message":"Error fetching data for Kifepool: Request failed with status code 429","timestamp":"2024-11-15T18:53:06.977Z"}
{"level":"error","message":"Error fetching data for Kifepool: Request failed with status code 429","timestamp":"2024-11-15T18:53:06.977Z"}
{"level":"error","message":"Error fetching data for Kifepool: Request failed with status code 429","timestamp":"2024-11-15T18:53:06.978Z"}
{"level":"error","message":"Error fetching data for Aban-tether: Request failed with status code 401","timestamp":"2024-11-15T18:53:06.979Z"}
{"level":"error","message":"Error fetching data for Aban-tether: Request failed with status code 401","timestamp":"2024-11-15T18:53:06.981Z"}
{"level":"error","message":"Error fetching data for Kifepool: Request failed with status code 429","timestamp":"2024-11-15T18:53:07.003Z"}
{"level":"error","message":"Error fetching data for Kifepool: Request failed with status code 429","timestamp":"2024-11-15T18:53:07.003Z"}
{"level":"error","message":"Error fetching data for Kifepool: Request failed with status code 429","timestamp":"2024-11-15T18:53:07.004Z"}
{"level":"error","message":"Error fetching data for Kifepool: Request failed with status code 429","timestamp":"2024-11-15T18:53:07.005Z"}
{"level":"error","message":"Error fetching data for Kifepool: Request failed with status code 429","timestamp":"2024-11-15T18:53:07.005Z"}
{"level":"error","message":"Error fetching data for Kifepool: Request failed with status code 429","timestamp":"2024-11-15T18:53:07.006Z"}
{"level":"error","message":"Error fetching data for Aban-tether: Request failed with status code 401","timestamp":"2024-11-15T18:53:07.022Z"}
{"level":"error","message":"Error fetching data for Aban-tether: Request failed with status code 401","timestamp":"2024-11-15T18:53:07.024Z"}
{"level":"error","message":"Error fetching data for Kifepool: Request failed with status code 429","timestamp":"2024-11-15T18:53:07.055Z"}
{"level":"error","message":"Error fetching data for Aban-tether: Request failed with status code 401","timestamp":"2024-11-15T18:53:07.074Z"}
{"level":"error","message":"Error fetching data for Aban-tether: Request failed with status code 401","timestamp":"2024-11-15T18:53:07.093Z"}
{"level":"error","message":"Error fetching data for Aban-tether: Request failed with status code 401","timestamp":"2024-11-15T18:53:07.111Z"}
{"level":"error","message":"Error fetching data for Aban-tether: Request failed with status code 401","timestamp":"2024-11-15T18:53:07.145Z"}
{"level":"error","message":"Error fetching data for Aban-tether: Request failed with status code 401","timestamp":"2024-11-15T18:53:07.164Z"}
{"level":"error","message":"Error fetching data for Aban-tether: Request failed with status code 401","timestamp":"2024-11-15T18:53:07.179Z"}
{"level":"error","message":"Error fetching data for Aban-tether: Request failed with status code 401","timestamp":"2024-11-15T18:53:07.180Z"}
{"level":"error","message":"Error fetching data for Aban-tether: Request failed with status code 401","timestamp":"2024-11-15T18:53:07.181Z"}
{"level":"error","message":"Error fetching data for Aban-tether: Request failed with status code 401","timestamp":"2024-11-15T18:53:07.181Z"}
{"level":"error","message":"Error fetching data for Aban-tether: Request failed with status code 401","timestamp":"2024-11-15T18:53:07.182Z"}
{"level":"error","message":"Error fetching data for Aban-tether: Request failed with status code 401","timestamp":"2024-11-15T18:53:07.182Z"}
{"level":"error","message":"Error fetching data for Aban-tether: Request failed with status code 401","timestamp":"2024-11-15T18:53:07.198Z"}
{"level":"error","message":"Error fetching data for Aban-tether: Request failed with status code 401","timestamp":"2024-11-15T18:53:07.199Z"}
{"level":"error","message":"Error fetching data for Aban-tether: Request failed with status code 401","timestamp":"2024-11-15T18:53:07.215Z"}
{"level":"error","message":"Error fetching data for Aban-tether: Request failed with status code 401","timestamp":"2024-11-15T18:53:07.217Z"}
{"level":"error","message":"Error fetching data for Aban-tether: Request failed with status code 401","timestamp":"2024-11-15T18:53:07.249Z"}
{"level":"error","message":"Error fetching data for Kifepool: Request failed with status code 429","timestamp":"2024-11-15T18:53:07.301Z"}
{"level":"error","message":"Error fetching data for Kifepool: Request failed with status code 429","timestamp":"2024-11-15T18:53:07.324Z"}
{"level":"error","message":"Error fetching data for Kifepool: Request failed with status code 429","timestamp":"2024-11-15T18:53:07.325Z"}
{"level":"error","message":"Error fetching data for Kifepool: Request failed with status code 429","timestamp":"2024-11-15T18:53:07.347Z"}
{"level":"error","message":"Error fetching data for Kifepool: Request failed with status code 429","timestamp":"2024-11-15T18:53:07.347Z"}
{"level":"error","message":"Error fetching data for Kifepool: Request failed with status code 429","timestamp":"2024-11-15T18:53:07.348Z"}
{"level":"error","message":"Error fetching data for Kifepool: Request failed with status code 429","timestamp":"2024-11-15T18:53:07.363Z"}
{"level":"error","message":"Error fetching data for Aban-tether: Request failed with status code 401","timestamp":"2024-11-15T18:53:07.527Z"}
{"level":"error","message":"Error fetching data for Aban-tether: Request failed with status code 401","timestamp":"2024-11-15T18:53:07.547Z"}
{"level":"error","message":"Error fetching data for Aban-tether: Request failed with status code 401","timestamp":"2024-11-15T18:53:07.585Z"}
{"level":"error","message":"Error fetching data for Aban-tether: Request failed with status code 401","timestamp":"2024-11-15T18:53:07.619Z"}
{"level":"error","message":"Error fetching data for Aban-tether: Request failed with status code 401","timestamp":"2024-11-15T18:53:07.641Z"}
{"level":"error","message":"Error fetching data for Kifepool: Request failed with status code 429","timestamp":"2024-11-15T18:53:07.641Z"}
{"level":"error","message":"Error fetching data for Aban-tether: Request failed with status code 401","timestamp":"2024-11-15T18:53:07.660Z"}
{"level":"error","message":"Error fetching data for Aban-tether: Request failed with status code 401","timestamp":"2024-11-15T18:53:07.661Z"}
{"level":"error","message":"Error fetching data for Aban-tether: Request failed with status code 401","timestamp":"2024-11-15T18:53:07.679Z"}
{"level":"error","message":"Error fetching data for Kifepool: Request failed with status code 429","timestamp":"2024-11-15T18:53:07.680Z"}
{"level":"error","message":"Error fetching data for Kifepool: Request failed with status code 429","timestamp":"2024-11-15T18:53:07.681Z"}
{"level":"error","message":"Error fetching data for Aban-tether: Request failed with status code 401","timestamp":"2024-11-15T18:53:07.693Z"}
{"level":"error","message":"Error fetching data for Exir: Request failed with status code 429","timestamp":"2024-11-15T18:53:07.706Z"}
{"level":"error","message":"Error fetching data for Kifepool: Request failed with status code 429","timestamp":"2024-11-15T18:53:07.707Z"}
{"level":"error","message":"Error fetching data for Kifepool: Request failed with status code 429","timestamp":"2024-11-15T18:53:07.707Z"}
{"level":"error","message":"Error fetching data for Aban-tether: Request failed with status code 401","timestamp":"2024-11-15T18:53:07.708Z"}
{"level":"error","message":"Error fetching data for Kifepool: Request failed with status code 429","timestamp":"2024-11-15T18:53:07.708Z"}
{"level":"error","message":"Error fetching data for Kifepool: Request failed with status code 429","timestamp":"2024-11-15T18:53:07.708Z"}
{"level":"error","message":"Error fetching data for Kifepool: Request failed with status code 429","timestamp":"2024-11-15T18:53:07.722Z"}
{"level":"error","message":"Error fetching data for Aban-tether: Request failed with status code 401","timestamp":"2024-11-15T18:53:07.741Z"}
{"level":"error","message":"Error fetching data for Kifepool: Request failed with status code 429","timestamp":"2024-11-15T18:53:07.742Z"}
{"level":"error","message":"Error fetching data for Kifepool: Request failed with status code 429","timestamp":"2024-11-15T18:53:07.783Z"}
{"level":"error","message":"Error fetching data for Kifepool: Request failed with status code 429","timestamp":"2024-11-15T18:53:07.784Z"}
{"level":"error","message":"Error fetching data for Aban-tether: Request failed with status code 401","timestamp":"2024-11-15T18:53:07.785Z"}
{"level":"error","message":"Error fetching data for Aban-tether: Request failed with status code 401","timestamp":"2024-11-15T18:53:07.786Z"}
{"level":"error","message":"Error fetching data for Exir: Request failed with status code 429","timestamp":"2024-11-15T18:53:07.786Z"}
{"level":"error","message":"Error fetching data for Exir: Request failed with status code 429","timestamp":"2024-11-15T18:53:07.787Z"}
{"level":"error","message":"Error fetching data for Aban-tether: Request failed with status code 401","timestamp":"2024-11-15T18:53:07.787Z"}
{"level":"error","message":"Error fetching data for Aban-tether: Request failed with status code 401","timestamp":"2024-11-15T18:53:07.804Z"}
{"level":"error","message":"Error fetching data for Aban-tether: Request failed with status code 401","timestamp":"2024-11-15T18:53:07.804Z"}
{"level":"error","message":"Error fetching data for Kifepool: Request failed with status code 429","timestamp":"2024-11-15T18:53:07.806Z"}
{"level":"error","message":"Error fetching data for Aban-tether: Request failed with status code 401","timestamp":"2024-11-15T18:53:07.807Z"}
{"level":"error","message":"Error fetching data for Kifepool: Request failed with status code 429","timestamp":"2024-11-15T18:53:07.807Z"}
{"level":"error","message":"Error fetching data for Aban-tether: Request failed with status code 401","timestamp":"2024-11-15T18:53:07.808Z"}
{"level":"error","message":"Error fetching data for Kifepool: Request failed with status code 429","timestamp":"2024-11-15T18:53:07.810Z"}
{"level":"error","message":"Error fetching data for Kifepool: Request failed with status code 429","timestamp":"2024-11-15T18:53:07.810Z"}
{"level":"error","message":"Error fetching data for Aban-tether: Request failed with status code 401","timestamp":"2024-11-15T18:53:07.828Z"}
{"level":"error","message":"Error fetching data for Exir: Request failed with status code 429","timestamp":"2024-11-15T18:53:07.828Z"}
{"level":"error","message":"Error fetching data for Aban-tether: Request failed with status code 401","timestamp":"2024-11-15T18:53:07.830Z"}
{"level":"error","message":"Error fetching data for Kifepool: Request failed with status code 429","timestamp":"2024-11-15T18:53:07.830Z"}
{"level":"error","message":"Error fetching data for Kifepool: Request failed with status code 429","timestamp":"2024-11-15T18:53:07.831Z"}
{"level":"error","message":"Error fetching data for Aban-tether: Request failed with status code 401","timestamp":"2024-11-15T18:53:07.912Z"}
{"level":"error","message":"Error fetching data for Aban-tether: Request failed with status code 401","timestamp":"2024-11-15T18:53:07.913Z"}
{"level":"error","message":"Error fetching data for Aban-tether: Request failed with status code 401","timestamp":"2024-11-15T18:53:07.927Z"}
{"level":"error","message":"Error fetching data for Kifepool: Request failed with status code 429","timestamp":"2024-11-15T18:53:08.019Z"}
{"level":"error","message":"Error fetching data for Kifepool: Request failed with status code 429","timestamp":"2024-11-15T18:53:08.057Z"}
{"level":"error","message":"Error fetching data for Exir: Request failed with status code 429","timestamp":"2024-11-15T18:53:08.113Z"}
{"level":"error","message":"Error fetching data for Kifepool: Request failed with status code 429","timestamp":"2024-11-15T18:53:08.127Z"}
{"level":"error","message":"Error fetching data for Kifepool: Request failed with status code 429","timestamp":"2024-11-15T18:53:08.213Z"}
{"level":"error","message":"Error fetching data for Kifepool: Request failed with status code 429","timestamp":"2024-11-15T18:53:08.252Z"}
{"level":"error","message":"Error fetching data for Kifepool: Request failed with status code 429","timestamp":"2024-11-15T18:53:08.255Z"}
{"level":"error","message":"Error fetching data for Kifepool: Request failed with status code 429","timestamp":"2024-11-15T18:53:08.275Z"}
{"level":"error","message":"Error fetching data for Aban-tether: Request failed with status code 401","timestamp":"2024-11-15T18:53:08.397Z"}
{"level":"error","message":"Error fetching data for Aban-tether: Request failed with status code 401","timestamp":"2024-11-15T18:53:08.398Z"}
{"level":"error","message":"Error fetching data for Kifepool: Request failed with status code 429","timestamp":"2024-11-15T18:53:08.401Z"}
{"level":"error","message":"Error fetching data for Aban-tether: Request failed with status code 401","timestamp":"2024-11-15T18:53:08.406Z"}
{"level":"error","message":"Error fetching data for Aban-tether: Request failed with status code 401","timestamp":"2024-11-15T18:53:08.455Z"}
{"level":"error","message":"Error fetching data for Aban-tether: Request failed with status code 401","timestamp":"2024-11-15T18:53:08.455Z"}
{"level":"error","message":"Error fetching data for Aban-tether: Request failed with status code 401","timestamp":"2024-11-15T18:53:08.469Z"}
{"level":"error","message":"Error fetching data for Aban-tether: Request failed with status code 401","timestamp":"2024-11-15T18:53:08.471Z"}
{"level":"error","message":"Error fetching data for Aban-tether: Request failed with status code 401","timestamp":"2024-11-15T18:53:08.472Z"}
{"level":"error","message":"Error fetching data for Exir: Request failed with status code 429","timestamp":"2024-11-15T18:53:08.522Z"}
{"level":"error","message":"Error fetching data for Aban-tether: Request failed with status code 401","timestamp":"2024-11-15T18:53:08.539Z"}
{"level":"error","message":"Error fetching data for Aban-tether: Request failed with status code 401","timestamp":"2024-11-15T18:53:08.540Z"}
{"level":"error","message":"Error fetching data for Kifepool: Request failed with status code 429","timestamp":"2024-11-15T18:53:08.541Z"}
{"level":"error","message":"Error fetching data for Exir: Request failed with status code 429","timestamp":"2024-11-15T18:53:08.541Z"}
{"level":"error","message":"Error fetching data for Aban-tether: Request failed with status code 401","timestamp":"2024-11-15T18:53:08.570Z"}
{"level":"error","message":"Error fetching data for Kifepool: Request failed with status code 429","timestamp":"2024-11-15T18:53:08.571Z"}
{"level":"error","message":"Error fetching data for Kifepool: Request failed with status code 429","timestamp":"2024-11-15T18:53:08.571Z"}
{"level":"error","message":"Error fetching data for Aban-tether: Request failed with status code 401","timestamp":"2024-11-15T18:53:08.599Z"}
{"level":"error","message":"Error fetching data for Aban-tether: Request failed with status code 401","timestamp":"2024-11-15T18:53:08.599Z"}
{"level":"error","message":"Error fetching data for Kifepool: Request failed with status code 429","timestamp":"2024-11-15T18:53:08.643Z"}
{"level":"error","message":"Error fetching data for Kifepool: Request failed with status code 429","timestamp":"2024-11-15T18:53:08.644Z"}
{"level":"error","message":"Error fetching data for Aban-tether: Request failed with status code 401","timestamp":"2024-11-15T18:53:08.645Z"}
{"level":"error","message":"Error fetching data for Kifepool: Request failed with status code 429","timestamp":"2024-11-15T18:53:08.646Z"}
{"level":"error","message":"Error fetching data for Aban-tether: Request failed with status code 401","timestamp":"2024-11-15T18:53:08.667Z"}
{"level":"error","message":"Error fetching data for Kifepool: Request failed with status code 429","timestamp":"2024-11-15T18:53:08.681Z"}
{"level":"error","message":"Error fetching data for Aban-tether: Request failed with status code 401","timestamp":"2024-11-15T18:53:08.681Z"}
{"level":"error","message":"Error fetching data for Exir: Request failed with status code 429","timestamp":"2024-11-15T18:53:08.693Z"}
{"level":"error","message":"Error fetching data for Aban-tether: Request failed with status code 401","timestamp":"2024-11-15T18:53:08.694Z"}
{"level":"error","message":"Error fetching data for Kifepool: Request failed with status code 429","timestamp":"2024-11-15T18:53:08.740Z"}
{"level":"error","message":"Error fetching data for Kifepool: Request failed with status code 429","timestamp":"2024-11-15T18:53:08.740Z"}
{"level":"error","message":"Error fetching data for Kifepool: Request failed with status code 429","timestamp":"2024-11-15T18:53:08.760Z"}
{"level":"error","message":"Error fetching data for Kifepool: Request failed with status code 429","timestamp":"2024-11-15T18:53:08.811Z"}
{"level":"error","message":"Error fetching data for Aban-tether: Request failed with status code 401","timestamp":"2024-11-15T18:53:08.811Z"}
{"level":"error","message":"Error fetching data for Exir: Request failed with status code 429","timestamp":"2024-11-15T18:53:08.812Z"}
{"level":"error","message":"Error fetching data for Aban-tether: Request failed with status code 401","timestamp":"2024-11-15T18:53:08.813Z"}
{"level":"error","message":"Error fetching data for Aban-tether: Request failed with status code 401","timestamp":"2024-11-15T18:53:08.813Z"}
{"level":"error","message":"Error fetching data for Aban-tether: Request failed with status code 401","timestamp":"2024-11-15T18:53:08.813Z"}
{"level":"error","message":"Error fetching data for Aban-tether: Request failed with status code 401","timestamp":"2024-11-15T18:53:08.814Z"}
{"level":"error","message":"Error fetching data for Kifepool: Request failed with status code 429","timestamp":"2024-11-15T18:53:08.814Z"}
{"level":"error","message":"Error fetching data for Aban-tether: Request failed with status code 401","timestamp":"2024-11-15T18:53:08.827Z"}
{"level":"error","message":"Error fetching data for Exir: Request failed with status code 429","timestamp":"2024-11-15T18:53:08.827Z"}
{"level":"error","message":"Error fetching data for Exir: Request failed with status code 429","timestamp":"2024-11-15T18:53:08.850Z"}
{"level":"error","message":"Error fetching data for Kifepool: Request failed with status code 429","timestamp":"2024-11-15T18:53:08.898Z"}
{"level":"error","message":"Error fetching data for Kifepool: Request failed with status code 429","timestamp":"2024-11-15T18:53:08.899Z"}
{"level":"error","message":"Error fetching data for Kifepool: Request failed with status code 429","timestamp":"2024-11-15T18:53:08.899Z"}
{"level":"error","message":"Error fetching data for Kifepool: Request failed with status code 429","timestamp":"2024-11-15T18:53:08.899Z"}
{"level":"error","message":"Error fetching data for Kifepool: Request failed with status code 429","timestamp":"2024-11-15T18:53:08.919Z"}
{"level":"error","message":"Error fetching data for Exir: Request failed with status code 429","timestamp":"2024-11-15T18:53:08.936Z"}
{"level":"error","message":"Error fetching data for Kifepool: Request failed with status code 429","timestamp":"2024-11-15T18:53:08.937Z"}
{"level":"error","message":"Error fetching data for Kifepool: Request failed with status code 429","timestamp":"2024-11-15T18:53:08.980Z"}
{"level":"error","message":"Error fetching data for Kifepool: Request failed with status code 429","timestamp":"2024-11-15T18:53:09.056Z"}
{"level":"error","message":"Error fetching data for Kifepool: Request failed with status code 429","timestamp":"2024-11-15T18:53:09.194Z"}
{"level":"error","message":"Error fetching data for Kifepool: Request failed with status code 429","timestamp":"2024-11-15T18:53:09.200Z"}
{"level":"error","message":"Error fetching data for Kifepool: Request failed with status code 429","timestamp":"2024-11-15T18:53:09.201Z"}
{"level":"error","message":"Error fetching data for Kifepool: Request failed with status code 429","timestamp":"2024-11-15T18:53:09.263Z"}
{"level":"error","message":"Error fetching data for Aban-tether: Request failed with status code 401","timestamp":"2024-11-15T18:53:09.347Z"}
{"level":"error","message":"Error fetching data for Kifepool: Request failed with status code 429","timestamp":"2024-11-15T18:53:09.348Z"}
{"level":"error","message":"Error fetching data for Aban-tether: Request failed with status code 401","timestamp":"2024-11-15T18:53:09.349Z"}
{"level":"error","message":"Error fetching data for Aban-tether: Request failed with status code 401","timestamp":"2024-11-15T18:53:09.349Z"}
{"level":"error","message":"Error fetching data for Aban-tether: Request failed with status code 401","timestamp":"2024-11-15T18:53:09.364Z"}
{"level":"error","message":"Error fetching data for Aban-tether: Request failed with status code 401","timestamp":"2024-11-15T18:53:09.378Z"}
{"level":"error","message":"Error fetching data for Aban-tether: Request failed with status code 401","timestamp":"2024-11-15T18:53:09.396Z"}
{"level":"error","message":"Error fetching data for Aban-tether: Request failed with status code 401","timestamp":"2024-11-15T18:53:09.397Z"}
{"level":"error","message":"Error fetching data for Aban-tether: Request failed with status code 401","timestamp":"2024-11-15T18:53:09.415Z"}
{"level":"error","message":"Error fetching data for Aban-tether: Request failed with status code 401","timestamp":"2024-11-15T18:53:09.416Z"}
{"level":"error","message":"Error fetching data for Aban-tether: Request failed with status code 401","timestamp":"2024-11-15T18:53:09.448Z"}
{"level":"error","message":"Error fetching data for Aban-tether: Request failed with status code 401","timestamp":"2024-11-15T18:53:09.449Z"}
{"level":"error","message":"Error fetching data for Kifepool: Request failed with status code 429","timestamp":"2024-11-15T18:53:09.563Z"}
{"level":"error","message":"Error fetching data for Aban-tether: Request failed with status code 401","timestamp":"2024-11-15T18:53:09.564Z"}
{"level":"error","message":"Error fetching data for Aban-tether: Request failed with status code 401","timestamp":"2024-11-15T18:53:09.564Z"}
{"level":"error","message":"Error fetching data for OK-EX: Request failed with status code 429","timestamp":"2024-11-15T18:53:09.565Z"}
{"level":"error","message":"Error fetching data for Aban-tether: Request failed with status code 401","timestamp":"2024-11-15T18:53:09.565Z"}
{"level":"error","message":"Error fetching data for Aban-tether: Request failed with status code 401","timestamp":"2024-11-15T18:53:09.566Z"}
{"level":"error","message":"Error fetching data for Aban-tether: Request failed with status code 401","timestamp":"2024-11-15T18:53:09.567Z"}
{"level":"error","message":"Error fetching data for Aban-tether: Request failed with status code 401","timestamp":"2024-11-15T18:53:09.568Z"}
{"level":"error","message":"Error fetching data for Kifepool: Request failed with status code 429","timestamp":"2024-11-15T18:53:09.589Z"}
{"level":"error","message":"Error fetching data for Kifepool: Request failed with status code 429","timestamp":"2024-11-15T18:53:09.591Z"}
{"level":"error","message":"Error fetching data for Exir: Request failed with status code 429","timestamp":"2024-11-15T18:53:09.611Z"}
{"level":"error","message":"Error fetching data for OK-EX: Request failed with status code 429","timestamp":"2024-11-15T18:53:09.713Z"}
{"level":"error","message":"Error fetching data for Aban-tether: Request failed with status code 401","timestamp":"2024-11-15T18:53:09.714Z"}
{"level":"error","message":"Error fetching data for Aban-tether: Request failed with status code 401","timestamp":"2024-11-15T18:53:09.715Z"}
{"level":"error","message":"Error fetching data for Aban-tether: Request failed with status code 401","timestamp":"2024-11-15T18:53:09.715Z"}
{"level":"error","message":"Error fetching data for Aban-tether: Request failed with status code 401","timestamp":"2024-11-15T18:53:09.717Z"}
{"level":"error","message":"Error fetching data for Aban-tether: Request failed with status code 401","timestamp":"2024-11-15T18:53:09.718Z"}
{"level":"error","message":"Error fetching data for Aban-tether: Request failed with status code 401","timestamp":"2024-11-15T18:53:09.719Z"}
{"level":"error","message":"Error fetching data for Exir: Request failed with status code 429","timestamp":"2024-11-15T18:53:09.719Z"}
{"level":"error","message":"Error fetching data for OK-EX: Request failed with status code 429","timestamp":"2024-11-15T18:53:09.724Z"}
{"level":"error","message":"Error fetching data for OK-EX: Request failed with status code 429","timestamp":"2024-11-15T18:53:09.725Z"}
{"level":"error","message":"Error fetching data for OK-EX: Request failed with status code 429","timestamp":"2024-11-15T18:53:09.726Z"}
{"level":"error","message":"Error fetching data for OK-EX: Request failed with status code 429","timestamp":"2024-11-15T18:53:09.727Z"}
{"level":"error","message":"Error fetching data for Kifepool: Request failed with status code 429","timestamp":"2024-11-15T18:53:09.728Z"}
{"level":"error","message":"Error fetching data for OK-EX: Request failed with status code 429","timestamp":"2024-11-15T18:53:09.729Z"}
{"level":"error","message":"Error fetching data for Exir: Request failed with status code 429","timestamp":"2024-11-15T18:53:09.731Z"}
{"level":"error","message":"Error fetching data for Exir: Request failed with status code 429","timestamp":"2024-11-15T18:53:09.731Z"}
{"level":"error","message":"Error fetching data for OK-EX: Request failed with status code 429","timestamp":"2024-11-15T18:53:09.732Z"}
{"level":"error","message":"Error fetching data for OK-EX: Request failed with status code 429","timestamp":"2024-11-15T18:53:09.733Z"}
{"level":"error","message":"Error fetching data for Kifepool: Request failed with status code 429","timestamp":"2024-11-15T18:53:09.756Z"}
{"level":"error","message":"Error fetching data for Kifepool: Request failed with status code 429","timestamp":"2024-11-15T18:53:09.757Z"}
{"level":"error","message":"Error fetching data for OK-EX: Request failed with status code 429","timestamp":"2024-11-15T18:53:09.757Z"}
{"level":"error","message":"Error fetching data for Kifepool: Request failed with status code 429","timestamp":"2024-11-15T18:53:09.758Z"}
{"level":"error","message":"Error fetching data for Kifepool: Request failed with status code 429","timestamp":"2024-11-15T18:53:09.758Z"}
{"level":"error","message":"Error fetching data for Kifepool: Request failed with status code 429","timestamp":"2024-11-15T18:53:09.759Z"}
{"level":"error","message":"Error fetching data for Kifepool: Request failed with status code 429","timestamp":"2024-11-15T18:53:09.759Z"}
{"level":"error","message":"Error fetching data for Kifepool: Request failed with status code 429","timestamp":"2024-11-15T18:53:09.760Z"}
{"level":"error","message":"Error fetching data for Exir: Request failed with status code 429","timestamp":"2024-11-15T18:53:09.760Z"}
{"level":"error","message":"Error fetching data for Kifepool: Request failed with status code 429","timestamp":"2024-11-15T18:53:09.760Z"}
{"level":"error","message":"Error fetching data for OK-EX: Request failed with status code 429","timestamp":"2024-11-15T18:53:09.761Z"}
{"level":"error","message":"Error fetching data for Kifepool: Request failed with status code 429","timestamp":"2024-11-15T18:53:09.762Z"}
{"level":"error","message":"Error fetching data for Kifepool: Request failed with status code 429","timestamp":"2024-11-15T18:53:09.763Z"}
{"level":"error","message":"Error fetching data for Kifepool: Request failed with status code 429","timestamp":"2024-11-15T18:53:09.763Z"}
{"level":"error","message":"Error fetching data for Kifepool: Request failed with status code 429","timestamp":"2024-11-15T18:53:09.768Z"}
{"level":"error","message":"Error fetching data for Kifepool: Request failed with status code 429","timestamp":"2024-11-15T18:53:09.768Z"}
{"level":"error","message":"Error fetching data for Kifepool: Request failed with status code 429","timestamp":"2024-11-15T18:53:09.769Z"}
{"level":"error","message":"Error fetching data for Kifepool: Request failed with status code 429","timestamp":"2024-11-15T18:53:09.788Z"}
{"level":"error","message":"Error fetching data for Kifepool: Request failed with status code 429","timestamp":"2024-11-15T18:53:09.788Z"}
{"level":"error","message":"Error fetching data for OK-EX: Request failed with status code 429","timestamp":"2024-11-15T18:53:09.788Z"}
{"level":"error","message":"Error fetching data for Kifepool: Request failed with status code 429","timestamp":"2024-11-15T18:53:09.789Z"}
{"level":"error","message":"Error fetching data for OK-EX: Request failed with status code 429","timestamp":"2024-11-15T18:53:09.789Z"}
{"level":"error","message":"Error fetching data for Exir: Request failed with status code 429","timestamp":"2024-11-15T18:53:09.790Z"}
{"level":"error","message":"Error fetching data for OK-EX: Request failed with status code 429","timestamp":"2024-11-15T18:53:09.791Z"}
{"level":"error","message":"Error fetching data for Exir: Request failed with status code 429","timestamp":"2024-11-15T18:53:09.791Z"}
{"level":"error","message":"Error fetching data for OK-EX: Request failed with status code 429","timestamp":"2024-11-15T18:53:09.872Z"}
{"level":"error","message":"Error fetching data for OK-EX: Request failed with status code 429","timestamp":"2024-11-15T18:53:09.886Z"}
{"level":"error","message":"Error fetching data for Aban-tether: Request failed with status code 401","timestamp":"2024-11-15T18:53:09.919Z"}
{"level":"error","message":"Error fetching data for Aban-tether: Request failed with status code 401","timestamp":"2024-11-15T18:53:09.921Z"}
{"level":"error","message":"Error fetching data for Aban-tether: Request failed with status code 401","timestamp":"2024-11-15T18:53:09.922Z"}
{"level":"error","message":"Error fetching data for Kifepool: Request failed with status code 429","timestamp":"2024-11-15T18:53:09.923Z"}
{"level":"error","message":"Error fetching data for Kifepool: Request failed with status code 429","timestamp":"2024-11-15T18:53:09.923Z"}
{"level":"error","message":"Error fetching data for Aban-tether: Request failed with status code 401","timestamp":"2024-11-15T18:53:09.933Z"}
{"level":"error","message":"Error fetching data for Kifepool: Request failed with status code 429","timestamp":"2024-11-15T18:53:09.976Z"}
{"level":"error","message":"Error fetching data for Aban-tether: Request failed with status code 401","timestamp":"2024-11-15T18:53:09.978Z"}
{"level":"error","message":"Error fetching data for Kifepool: Request failed with status code 429","timestamp":"2024-11-15T18:53:09.979Z"}
{"level":"error","message":"Error fetching data for Kifepool: Request failed with status code 429","timestamp":"2024-11-15T18:53:09.981Z"}
{"level":"error","message":"Error fetching data for Aban-tether: Request failed with status code 401","timestamp":"2024-11-15T18:53:09.981Z"}
{"level":"error","message":"Error fetching data for Kifepool: Request failed with status code 429","timestamp":"2024-11-15T18:53:10.029Z"}
{"level":"error","message":"Error fetching data for Aban-tether: Request failed with status code 401","timestamp":"2024-11-15T18:53:10.031Z"}
{"level":"error","message":"Error fetching data for OK-EX: Request failed with status code 429","timestamp":"2024-11-15T18:53:10.031Z"}
{"level":"error","message":"Error fetching data for Aban-tether: Request failed with status code 401","timestamp":"2024-11-15T18:53:10.032Z"}
{"level":"error","message":"Error fetching data for OK-EX: Request failed with status code 429","timestamp":"2024-11-15T18:53:10.048Z"}
{"level":"error","message":"Error fetching data for Aban-tether: Request failed with status code 401","timestamp":"2024-11-15T18:53:10.049Z"}
{"level":"error","message":"Error fetching data for Aban-tether: Request failed with status code 401","timestamp":"2024-11-15T18:53:10.086Z"}
{"level":"error","message":"Error fetching data for Aban-tether: Request failed with status code 401","timestamp":"2024-11-15T18:53:10.091Z"}
{"level":"error","message":"Error fetching data for Kifepool: Request failed with status code 429","timestamp":"2024-11-15T18:53:10.091Z"}
{"level":"error","message":"Error fetching data for Aban-tether: Request failed with status code 401","timestamp":"2024-11-15T18:53:10.109Z"}
{"level":"error","message":"Error fetching data for Kifepool: Request failed with status code 429","timestamp":"2024-11-15T18:53:10.123Z"}
{"level":"error","message":"Error fetching data for Aban-tether: Request failed with status code 401","timestamp":"2024-11-15T18:53:10.140Z"}
{"level":"error","message":"Error fetching data for Aban-tether: Request failed with status code 401","timestamp":"2024-11-15T18:53:10.154Z"}
{"level":"error","message":"Error fetching data for Kifepool: Request failed with status code 429","timestamp":"2024-11-15T18:53:10.167Z"}
{"level":"error","message":"Error fetching data for Kifepool: Request failed with status code 429","timestamp":"2024-11-15T18:53:10.178Z"}
{"level":"error","message":"Error fetching data for OK-EX: Request failed with status code 429","timestamp":"2024-11-15T18:53:10.178Z"}
{"level":"error","message":"Error fetching data for Aban-tether: Request failed with status code 401","timestamp":"2024-11-15T18:53:10.211Z"}
{"level":"error","message":"Error fetching data for Aban-tether: Request failed with status code 401","timestamp":"2024-11-15T18:53:10.212Z"}
{"level":"error","message":"Error fetching data for Aban-tether: Request failed with status code 401","timestamp":"2024-11-15T18:53:10.215Z"}
{"level":"error","message":"Error fetching data for Aban-tether: Request failed with status code 401","timestamp":"2024-11-15T18:53:10.217Z"}
{"level":"error","message":"Error fetching data for Aban-tether: Request failed with status code 401","timestamp":"2024-11-15T18:53:10.217Z"}
{"level":"error","message":"Error fetching data for Kifepool: Request failed with status code 429","timestamp":"2024-11-15T18:53:10.233Z"}
{"level":"error","message":"Error fetching data for Aban-tether: Request failed with status code 401","timestamp":"2024-11-15T18:53:10.290Z"}
{"level":"error","message":"Error fetching data for Aban-tether: Request failed with status code 401","timestamp":"2024-11-15T18:53:10.291Z"}
{"level":"error","message":"Error fetching data for Aban-tether: Request failed with status code 401","timestamp":"2024-11-15T18:53:10.293Z"}
{"level":"error","message":"Error fetching data for Aban-tether: Request failed with status code 401","timestamp":"2024-11-15T18:53:10.294Z"}
{"level":"error","message":"Error fetching data for OK-EX: Request failed with status code 429","timestamp":"2024-11-15T18:53:10.315Z"}
{"level":"error","message":"Error fetching data for Aban-tether: Request failed with status code 401","timestamp":"2024-11-15T18:53:10.330Z"}
{"level":"error","message":"Error fetching data for Aban-tether: Request failed with status code 401","timestamp":"2024-11-15T18:53:10.350Z"}
{"level":"error","message":"Error fetching data for Aban-tether: Request failed with status code 401","timestamp":"2024-11-15T18:53:10.375Z"}
{"level":"error","message":"Error fetching data for Aban-tether: Request failed with status code 401","timestamp":"2024-11-15T18:53:10.406Z"}
{"level":"error","message":"Error fetching data for OK-EX: Request failed with status code 429","timestamp":"2024-11-15T18:53:10.544Z"}
{"level":"error","message":"Error fetching data for OK-EX: Request failed with status code 429","timestamp":"2024-11-15T18:53:10.571Z"}
{"level":"error","message":"Error fetching data for Aban-tether: Request failed with status code 401","timestamp":"2024-11-15T18:53:10.577Z"}
{"level":"error","message":"Error fetching data for OK-EX: Request failed with status code 429","timestamp":"2024-11-15T18:53:10.581Z"}
{"level":"error","message":"Error fetching data for OK-EX: Request failed with status code 429","timestamp":"2024-11-15T18:53:10.582Z"}
{"level":"error","message":"Error fetching data for OK-EX: Request failed with status code 429","timestamp":"2024-11-15T18:53:10.582Z"}
{"level":"error","message":"Error fetching data for Aban-tether: Request failed with status code 401","timestamp":"2024-11-15T18:53:10.599Z"}
{"level":"error","message":"Error fetching data for OK-EX: Request failed with status code 429","timestamp":"2024-11-15T18:53:10.600Z"}
{"level":"error","message":"Error fetching data for Aban-tether: Request failed with status code 401","timestamp":"2024-11-15T18:53:10.602Z"}
{"level":"error","message":"Error fetching data for OK-EX: Request failed with status code 429","timestamp":"2024-11-15T18:53:10.603Z"}
{"level":"error","message":"Error fetching data for OK-EX: Request failed with status code 429","timestamp":"2024-11-15T18:53:10.604Z"}
{"level":"error","message":"Error fetching data for Exir: Request failed with status code 429","timestamp":"2024-11-15T18:53:10.605Z"}
{"level":"error","message":"Error fetching data for OK-EX: Request failed with status code 429","timestamp":"2024-11-15T18:53:10.607Z"}
{"level":"error","message":"Error fetching data for OK-EX: Request failed with status code 429","timestamp":"2024-11-15T18:53:10.607Z"}
{"level":"error","message":"Error fetching data for OK-EX: Request failed with status code 429","timestamp":"2024-11-15T18:53:10.607Z"}
{"level":"error","message":"Error fetching data for OK-EX: Request failed with status code 429","timestamp":"2024-11-15T18:53:10.622Z"}
{"level":"error","message":"Error fetching data for Aban-tether: Request failed with status code 401","timestamp":"2024-11-15T18:53:10.627Z"}
{"level":"error","message":"Error fetching data for OK-EX: Request failed with status code 429","timestamp":"2024-11-15T18:53:10.628Z"}
{"level":"error","message":"Error fetching data for OK-EX: Request failed with status code 429","timestamp":"2024-11-15T18:53:10.642Z"}
{"level":"error","message":"Error fetching data for Exir: Request failed with status code 429","timestamp":"2024-11-15T18:53:10.656Z"}
{"level":"error","message":"Error fetching data for OK-EX: Request failed with status code 429","timestamp":"2024-11-15T18:53:10.656Z"}
{"level":"error","message":"Error fetching data for Exir: Request failed with status code 429","timestamp":"2024-11-15T18:53:10.657Z"}
{"level":"error","message":"Error fetching data for Exir: Request failed with status code 429","timestamp":"2024-11-15T18:53:10.657Z"}
{"level":"error","message":"Error fetching data for OK-EX: Request failed with status code 429","timestamp":"2024-11-15T18:53:10.657Z"}
{"level":"error","message":"Error fetching data for Aban-tether: Request failed with status code 401","timestamp":"2024-11-15T18:53:10.660Z"}
{"level":"error","message":"Error fetching data for Aban-tether: Request failed with status code 401","timestamp":"2024-11-15T18:53:10.708Z"}
{"level":"error","message":"Error fetching data for Aban-tether: Request failed with status code 401","timestamp":"2024-11-15T18:53:10.728Z"}
{"level":"error","message":"Error fetching data for Exir: Request failed with status code 429","timestamp":"2024-11-15T18:53:10.756Z"}
{"level":"error","message":"Error fetching data for Aban-tether: Request failed with status code 401","timestamp":"2024-11-15T18:53:10.757Z"}
{"level":"error","message":"Error fetching data for Aban-tether: Request failed with status code 401","timestamp":"2024-11-15T18:53:10.759Z"}
{"level":"error","message":"Error fetching data for Exir: Request failed with status code 429","timestamp":"2024-11-15T18:53:10.771Z"}
{"level":"error","message":"Error fetching data for Exir: Request failed with status code 429","timestamp":"2024-11-15T18:53:10.772Z"}
{"level":"error","message":"Error fetching data for Aban-tether: Request failed with status code 401","timestamp":"2024-11-15T18:53:10.772Z"}
{"level":"error","message":"Error fetching data for Aban-tether: Request failed with status code 401","timestamp":"2024-11-15T18:53:10.773Z"}
{"level":"error","message":"Error fetching data for Aban-tether: Request failed with status code 401","timestamp":"2024-11-15T18:53:10.785Z"}
{"level":"error","message":"Error fetching data for Exir: Request failed with status code 429","timestamp":"2024-11-15T18:53:10.786Z"}
{"level":"error","message":"Error fetching data for Exir: Request failed with status code 429","timestamp":"2024-11-15T18:53:10.787Z"}
{"level":"error","message":"Error fetching data for Aban-tether: Request failed with status code 401","timestamp":"2024-11-15T18:53:10.791Z"}
{"level":"error","message":"Error fetching data for Aban-tether: Request failed with status code 401","timestamp":"2024-11-15T18:53:10.791Z"}
{"level":"error","message":"Error fetching data for Aban-tether: Request failed with status code 401","timestamp":"2024-11-15T18:53:10.812Z"}
{"level":"error","message":"Error fetching data for OK-EX: Request failed with status code 429","timestamp":"2024-11-15T18:53:10.813Z"}
{"level":"error","message":"Error fetching data for OK-EX: Request failed with status code 429","timestamp":"2024-11-15T18:53:10.813Z"}
{"level":"error","message":"Error fetching data for Aban-tether: Request failed with status code 401","timestamp":"2024-11-15T18:53:10.833Z"}
{"level":"error","message":"Error fetching data for Aban-tether: Request failed with status code 401","timestamp":"2024-11-15T18:53:10.835Z"}
{"level":"error","message":"Error fetching data for Aban-tether: Request failed with status code 401","timestamp":"2024-11-15T18:53:10.900Z"}
{"level":"error","message":"Error fetching data for Exir: Request failed with status code 429","timestamp":"2024-11-15T18:53:10.946Z"}
{"level":"error","message":"Error fetching data for Aban-tether: Request failed with status code 401","timestamp":"2024-11-15T18:53:10.946Z"}
{"level":"error","message":"Error fetching data for Aban-tether: Request failed with status code 401","timestamp":"2024-11-15T18:53:10.962Z"}
{"level":"error","message":"Error fetching data for Aban-tether: Request failed with status code 401","timestamp":"2024-11-15T18:53:10.963Z"}
{"level":"error","message":"Error fetching data for OK-EX: Request failed with status code 429","timestamp":"2024-11-15T18:53:10.994Z"}
{"level":"error","message":"Error fetching data for Aban-tether: Request failed with status code 401","timestamp":"2024-11-15T18:53:10.995Z"}
{"level":"error","message":"Error fetching data for Aban-tether: Request failed with status code 401","timestamp":"2024-11-15T18:53:10.995Z"}
{"level":"error","message":"Error fetching data for Kifepool: Request failed with status code 429","timestamp":"2024-11-15T18:53:11.024Z"}
{"level":"error","message":"Error fetching data for Aban-tether: Request failed with status code 401","timestamp":"2024-11-15T18:53:11.025Z"}
{"level":"error","message":"Error fetching data for Exir: Request failed with status code 429","timestamp":"2024-11-15T18:53:11.035Z"}
{"level":"error","message":"Error fetching data for Aban-tether: Request failed with status code 401","timestamp":"2024-11-15T18:53:11.035Z"}
{"level":"error","message":"Error fetching data for Aban-tether: Request failed with status code 401","timestamp":"2024-11-15T18:53:11.036Z"}
{"level":"error","message":"Error fetching data for Aban-tether: Request failed with status code 401","timestamp":"2024-11-15T18:53:11.037Z"}
{"level":"error","message":"Error fetching data for Aban-tether: Request failed with status code 401","timestamp":"2024-11-15T18:53:11.038Z"}
{"level":"error","message":"Error fetching data for Aban-tether: Request failed with status code 401","timestamp":"2024-11-15T18:53:11.039Z"}
{"level":"error","message":"Error fetching data for Aban-tether: Request failed with status code 401","timestamp":"2024-11-15T18:53:11.052Z"}
{"level":"error","message":"Error fetching data for OK-EX: Request failed with status code 429","timestamp":"2024-11-15T18:53:11.068Z"}
{"level":"error","message":"Error fetching data for Aban-tether: Request failed with status code 401","timestamp":"2024-11-15T18:53:11.200Z"}
{"level":"error","message":"Error fetching data for Aban-tether: Request failed with status code 401","timestamp":"2024-11-15T18:53:11.201Z"}
{"level":"error","message":"Error fetching data for Aban-tether: Request failed with status code 401","timestamp":"2024-11-15T18:53:11.242Z"}
{"level":"error","message":"Error fetching data for Kifepool: Request failed with status code 429","timestamp":"2024-11-15T18:53:11.244Z"}
{"level":"error","message":"Error fetching data for Aban-tether: Request failed with status code 401","timestamp":"2024-11-15T18:53:11.244Z"}
{"level":"error","message":"Error fetching data for Aban-tether: Request failed with status code 401","timestamp":"2024-11-15T18:53:11.263Z"}
{"level":"error","message":"Error fetching data for Kifepool: Request failed with status code 429","timestamp":"2024-11-15T18:53:11.263Z"}
{"level":"error","message":"Error fetching data for Kifepool: Request failed with status code 429","timestamp":"2024-11-15T18:53:11.264Z"}
{"level":"error","message":"Error fetching data for Kifepool: Request failed with status code 429","timestamp":"2024-11-15T18:53:11.268Z"}
{"level":"error","message":"Error fetching data for Kifepool: Request failed with status code 429","timestamp":"2024-11-15T18:53:11.269Z"}
{"level":"error","message":"Error fetching data for Kifepool: Request failed with status code 429","timestamp":"2024-11-15T18:53:11.269Z"}
{"level":"error","message":"Error fetching data for Kifepool: Request failed with status code 429","timestamp":"2024-11-15T18:53:11.270Z"}
{"level":"error","message":"Error fetching data for OK-EX: Request failed with status code 429","timestamp":"2024-11-15T18:53:11.271Z"}
{"level":"error","message":"Error fetching data for Kifepool: Request failed with status code 429","timestamp":"2024-11-15T18:53:11.283Z"}
{"level":"error","message":"Error fetching data for Kifepool: Request failed with status code 429","timestamp":"2024-11-15T18:53:11.283Z"}
{"level":"error","message":"Error fetching data for Kifepool: Request failed with status code 429","timestamp":"2024-11-15T18:53:11.284Z"}
{"level":"error","message":"Error fetching data for OK-EX: Request failed with status code 429","timestamp":"2024-11-15T18:53:11.285Z"}
{"level":"error","message":"Error fetching data for Kifepool: Request failed with status code 429","timestamp":"2024-11-15T18:53:11.286Z"}
{"level":"error","message":"Error fetching data for Kifepool: Request failed with status code 429","timestamp":"2024-11-15T18:53:11.300Z"}
{"level":"error","message":"Error fetching data for Kifepool: Request failed with status code 429","timestamp":"2024-11-15T18:53:11.300Z"}
{"level":"error","message":"Error fetching data for OK-EX: Request failed with status code 429","timestamp":"2024-11-15T18:53:11.301Z"}
{"level":"error","message":"Error fetching data for Kifepool: Request failed with status code 429","timestamp":"2024-11-15T18:53:11.302Z"}
{"level":"error","message":"Error fetching data for Kifepool: Request failed with status code 429","timestamp":"2024-11-15T18:53:11.302Z"}
{"level":"error","message":"Error fetching data for Kifepool: Request failed with status code 429","timestamp":"2024-11-15T18:53:11.303Z"}
{"level":"error","message":"Error fetching data for Kifepool: Request failed with status code 429","timestamp":"2024-11-15T18:53:11.304Z"}
{"level":"error","message":"Error fetching data for Kifepool: Request failed with status code 429","timestamp":"2024-11-15T18:53:11.318Z"}
{"level":"error","message":"Error fetching data for Aban-tether: Request failed with status code 401","timestamp":"2024-11-15T18:53:11.318Z"}
{"level":"error","message":"Error fetching data for Kifepool: Request failed with status code 429","timestamp":"2024-11-15T18:53:11.320Z"}
{"level":"error","message":"Error fetching data for Aban-tether: Request failed with status code 401","timestamp":"2024-11-15T18:53:11.321Z"}
{"level":"error","message":"Error fetching data for Kifepool: Request failed with status code 429","timestamp":"2024-11-15T18:53:11.321Z"}
{"level":"error","message":"Error fetching data for Aban-tether: Request failed with status code 401","timestamp":"2024-11-15T18:53:11.322Z"}
{"level":"error","message":"Error fetching data for Kifepool: Request failed with status code 429","timestamp":"2024-11-15T18:53:11.322Z"}
{"level":"error","message":"Error fetching data for OK-EX: Request failed with status code 429","timestamp":"2024-11-15T18:53:11.323Z"}
{"level":"error","message":"Error fetching data for OK-EX: Request failed with status code 429","timestamp":"2024-11-15T18:53:11.324Z"}
{"level":"error","message":"Error fetching data for Aban-tether: Request failed with status code 401","timestamp":"2024-11-15T18:53:11.324Z"}
{"level":"error","message":"Error fetching data for Aban-tether: Request failed with status code 401","timestamp":"2024-11-15T18:53:11.324Z"}
{"level":"error","message":"Error fetching data for Kifepool: Request failed with status code 429","timestamp":"2024-11-15T18:53:11.325Z"}
{"level":"error","message":"Error fetching data for Kifepool: Request failed with status code 429","timestamp":"2024-11-15T18:53:11.325Z"}
{"level":"error","message":"Error fetching data for Kifepool: Request failed with status code 429","timestamp":"2024-11-15T18:53:11.336Z"}
{"level":"error","message":"Error fetching data for Aban-tether: Request failed with status code 401","timestamp":"2024-11-15T18:53:11.342Z"}
{"level":"error","message":"Error fetching data for OK-EX: Request failed with status code 429","timestamp":"2024-11-15T18:53:11.371Z"}
{"level":"error","message":"Error fetching data for OK-EX: Request failed with status code 429","timestamp":"2024-11-15T18:53:11.372Z"}
{"level":"error","message":"Error fetching data for Kifepool: Request failed with status code 429","timestamp":"2024-11-15T18:53:11.377Z"}
{"level":"error","message":"Error fetching data for Kifepool: Request failed with status code 429","timestamp":"2024-11-15T18:53:11.377Z"}
{"level":"error","message":"Error fetching data for Kifepool: Request failed with status code 429","timestamp":"2024-11-15T18:53:11.378Z"}
{"level":"error","message":"Error fetching data for Kifepool: Request failed with status code 429","timestamp":"2024-11-15T18:53:11.379Z"}
{"level":"error","message":"Error fetching data for Aban-tether: Request failed with status code 401","timestamp":"2024-11-15T18:53:11.380Z"}
{"level":"error","message":"Error fetching data for Kifepool: Request failed with status code 429","timestamp":"2024-11-15T18:53:11.382Z"}
{"level":"error","message":"Error fetching data for Aban-tether: Request failed with status code 401","timestamp":"2024-11-15T18:53:11.406Z"}
{"level":"error","message":"Error fetching data for Kifepool: Request failed with status code 429","timestamp":"2024-11-15T18:53:11.407Z"}
{"level":"error","message":"Error fetching data for Kifepool: Request failed with status code 429","timestamp":"2024-11-15T18:53:11.407Z"}
{"level":"error","message":"Error fetching data for Aban-tether: Request failed with status code 401","timestamp":"2024-11-15T18:53:11.408Z"}
{"level":"error","message":"Error fetching data for OK-EX: Request failed with status code 429","timestamp":"2024-11-15T18:53:11.409Z"}
{"level":"error","message":"Error fetching data for Aban-tether: Request failed with status code 401","timestamp":"2024-11-15T18:53:11.410Z"}
{"level":"error","message":"Error fetching data for Aban-tether: Request failed with status code 401","timestamp":"2024-11-15T18:53:11.411Z"}
{"level":"error","message":"Error fetching data for OK-EX: Request failed with status code 429","timestamp":"2024-11-15T18:53:11.429Z"}
{"level":"error","message":"Error fetching data for OK-EX: Request failed with status code 429","timestamp":"2024-11-15T18:53:11.430Z"}
{"level":"error","message":"Error fetching data for Aban-tether: Request failed with status code 401","timestamp":"2024-11-15T18:53:11.430Z"}
{"level":"error","message":"Error fetching data for OK-EX: Request failed with status code 429","timestamp":"2024-11-15T18:53:11.444Z"}
{"level":"error","message":"Error fetching data for Exir: Request failed with status code 429","timestamp":"2024-11-15T18:53:11.445Z"}
{"level":"error","message":"Error fetching data for Exir: Request failed with status code 429","timestamp":"2024-11-15T18:53:11.459Z"}
{"level":"error","message":"Error fetching data for Exir: Request failed with status code 429","timestamp":"2024-11-15T18:53:11.459Z"}
{"level":"error","message":"Error fetching data for Kifepool: Request failed with status code 429","timestamp":"2024-11-15T18:53:11.465Z"}
{"level":"error","message":"Error fetching data for Exir: Request failed with status code 429","timestamp":"2024-11-15T18:53:11.465Z"}
{"level":"error","message":"Error fetching data for Aban-tether: Request failed with status code 401","timestamp":"2024-11-15T18:53:11.465Z"}
{"level":"error","message":"Error fetching data for OK-EX: Request failed with status code 429","timestamp":"2024-11-15T18:53:11.466Z"}
{"level":"error","message":"Error fetching data for OK-EX: Request failed with status code 429","timestamp":"2024-11-15T18:53:11.483Z"}
{"level":"error","message":"Error fetching data for OK-EX: Request failed with status code 429","timestamp":"2024-11-15T18:53:11.485Z"}
{"level":"error","message":"Error fetching data for Kifepool: Request failed with status code 429","timestamp":"2024-11-15T18:53:11.487Z"}
{"level":"error","message":"Error fetching data for OK-EX: Request failed with status code 429","timestamp":"2024-11-15T18:53:11.488Z"}
{"level":"error","message":"Error fetching data for Aban-tether: Request failed with status code 401","timestamp":"2024-11-15T18:53:11.489Z"}
{"level":"error","message":"Error fetching data for Exir: Request failed with status code 429","timestamp":"2024-11-15T18:53:11.515Z"}
{"level":"error","message":"Error fetching data for OK-EX: Request failed with status code 429","timestamp":"2024-11-15T18:53:11.516Z"}
{"level":"error","message":"Error fetching data for Aban-tether: Request failed with status code 401","timestamp":"2024-11-15T18:53:11.523Z"}
{"level":"error","message":"Error fetching data for OK-EX: Request failed with status code 429","timestamp":"2024-11-15T18:53:11.525Z"}
{"level":"error","message":"Error fetching data for Aban-tether: Request failed with status code 401","timestamp":"2024-11-15T18:53:11.526Z"}
{"level":"error","message":"Error fetching data for Exir: Request failed with status code 429","timestamp":"2024-11-15T18:53:11.527Z"}
{"level":"error","message":"Error fetching data for Aban-tether: Request failed with status code 401","timestamp":"2024-11-15T18:53:11.558Z"}
{"level":"error","message":"Error fetching data for OK-EX: Request failed with status code 429","timestamp":"2024-11-15T18:53:11.560Z"}
{"level":"error","message":"Error fetching data for Exir: Request failed with status code 429","timestamp":"2024-11-15T18:53:11.561Z"}
{"level":"error","message":"Error fetching data for Aban-tether: Request failed with status code 401","timestamp":"2024-11-15T18:53:11.562Z"}
{"level":"error","message":"Error fetching data for Aban-tether: Request failed with status code 401","timestamp":"2024-11-15T18:53:11.563Z"}
{"level":"error","message":"Error fetching data for Exir: Request failed with status code 429","timestamp":"2024-11-15T18:53:11.582Z"}
{"level":"error","message":"Error fetching data for Aban-tether: Request failed with status code 401","timestamp":"2024-11-15T18:53:11.583Z"}
{"level":"error","message":"Error fetching data for Exir: Request failed with status code 429","timestamp":"2024-11-15T18:53:11.584Z"}
{"level":"error","message":"Error fetching data for Aban-tether: Request failed with status code 401","timestamp":"2024-11-15T18:53:11.585Z"}
{"level":"error","message":"Error fetching data for Exir: Request failed with status code 429","timestamp":"2024-11-15T18:53:11.595Z"}
{"level":"error","message":"Error fetching data for Aban-tether: Request failed with status code 401","timestamp":"2024-11-15T18:53:11.598Z"}
{"level":"error","message":"Error fetching data for Aban-tether: Request failed with status code 401","timestamp":"2024-11-15T18:53:11.625Z"}
{"level":"error","message":"Error fetching data for Aban-tether: Request failed with status code 401","timestamp":"2024-11-15T18:53:11.626Z"}
{"level":"error","message":"Error fetching data for Aban-tether: Request failed with status code 401","timestamp":"2024-11-15T18:53:11.626Z"}
{"level":"error","message":"Error fetching data for Exir: Request failed with status code 429","timestamp":"2024-11-15T18:53:11.627Z"}
{"level":"error","message":"Error fetching data for Aban-tether: Request failed with status code 401","timestamp":"2024-11-15T18:53:11.635Z"}
{"level":"error","message":"Error fetching data for Kifepool: Request failed with status code 429","timestamp":"2024-11-15T18:53:11.665Z"}
{"level":"error","message":"Error fetching data for OK-EX: Request failed with status code 429","timestamp":"2024-11-15T18:53:11.698Z"}
{"level":"error","message":"Error fetching data for OK-EX: Request failed with status code 429","timestamp":"2024-11-15T18:53:11.817Z"}
{"level":"error","message":"Error fetching data for Exir: Request failed with status code 429","timestamp":"2024-11-15T18:53:11.845Z"}
{"level":"error","message":"Error fetching data for Aban-tether: Request failed with status code 401","timestamp":"2024-11-15T18:53:11.876Z"}
{"level":"error","message":"Error fetching data for Aban-tether: Request failed with status code 401","timestamp":"2024-11-15T18:53:11.877Z"}
{"level":"error","message":"Error fetching data for Aban-tether: Request failed with status code 401","timestamp":"2024-11-15T18:53:11.889Z"}
{"level":"error","message":"Error fetching data for Aban-tether: Request failed with status code 401","timestamp":"2024-11-15T18:53:11.902Z"}
{"level":"error","message":"Error fetching data for Aban-tether: Request failed with status code 401","timestamp":"2024-11-15T18:53:11.903Z"}
{"level":"error","message":"Error fetching data for Aban-tether: Request failed with status code 401","timestamp":"2024-11-15T18:53:11.952Z"}
{"level":"error","message":"Error fetching data for Kifepool: Request failed with status code 429","timestamp":"2024-11-15T18:53:11.953Z"}
{"level":"error","message":"Error fetching data for Aban-tether: Request failed with status code 401","timestamp":"2024-11-15T18:53:11.966Z"}
{"level":"error","message":"Error fetching data for Aban-tether: Request failed with status code 401","timestamp":"2024-11-15T18:53:11.966Z"}
{"level":"error","message":"Error fetching data for Kifepool: Request failed with status code 429","timestamp":"2024-11-15T18:53:11.968Z"}
{"level":"error","message":"Error fetching data for Aban-tether: Request failed with status code 401","timestamp":"2024-11-15T18:53:11.968Z"}
{"level":"error","message":"Error fetching data for Kifepool: Request failed with status code 429","timestamp":"2024-11-15T18:53:11.994Z"}
{"level":"error","message":"Error fetching data for OK-EX: Request failed with status code 429","timestamp":"2024-11-15T18:53:11.995Z"}
{"level":"error","message":"Error fetching data for Aban-tether: Request failed with status code 401","timestamp":"2024-11-15T18:53:11.995Z"}
{"level":"error","message":"Error fetching data for Kifepool: Request failed with status code 429","timestamp":"2024-11-15T18:53:12.013Z"}
{"level":"error","message":"Error fetching data for Kifepool: Request failed with status code 429","timestamp":"2024-11-15T18:53:12.014Z"}
{"level":"error","message":"Error fetching data for Aban-tether: Request failed with status code 401","timestamp":"2024-11-15T18:53:12.015Z"}
{"level":"error","message":"Error fetching data for OK-EX: Request failed with status code 429","timestamp":"2024-11-15T18:53:12.015Z"}
{"level":"error","message":"Error fetching data for OK-EX: Request failed with status code 429","timestamp":"2024-11-15T18:53:12.015Z"}
{"level":"error","message":"Error fetching data for Kifepool: Request failed with status code 429","timestamp":"2024-11-15T18:53:12.016Z"}
{"level":"error","message":"Error fetching data for Aban-tether: Request failed with status code 401","timestamp":"2024-11-15T18:53:12.030Z"}
{"level":"error","message":"Error fetching data for Aban-tether: Request failed with status code 401","timestamp":"2024-11-15T18:53:12.038Z"}
{"level":"error","message":"Error fetching data for Kifepool: Request failed with status code 429","timestamp":"2024-11-15T18:53:12.047Z"}
{"level":"error","message":"Error fetching data for Aban-tether: Request failed with status code 401","timestamp":"2024-11-15T18:53:12.091Z"}
{"level":"error","message":"Error fetching data for OK-EX: Request failed with status code 429","timestamp":"2024-11-15T18:53:12.108Z"}
{"level":"error","message":"Error fetching data for OK-EX: Request failed with status code 429","timestamp":"2024-11-15T18:53:12.109Z"}
{"level":"error","message":"Error fetching data for Kifepool: Request failed with status code 429","timestamp":"2024-11-15T18:53:12.110Z"}
{"level":"error","message":"Error fetching data for Kifepool: Request failed with status code 429","timestamp":"2024-11-15T18:53:12.111Z"}
{"level":"error","message":"Error fetching data for OK-EX: Request failed with status code 429","timestamp":"2024-11-15T18:53:12.128Z"}
{"level":"error","message":"Error fetching data for Aban-tether: Request failed with status code 401","timestamp":"2024-11-15T18:53:12.139Z"}
{"level":"error","message":"Error fetching data for OK-EX: Request failed with status code 429","timestamp":"2024-11-15T18:53:12.166Z"}
{"level":"error","message":"Error fetching data for OK-EX: Request failed with status code 429","timestamp":"2024-11-15T18:53:12.167Z"}
{"level":"error","message":"Error fetching data for OK-EX: Request failed with status code 429","timestamp":"2024-11-15T18:53:12.170Z"}
{"level":"error","message":"Error fetching data for Kifepool: Request failed with status code 429","timestamp":"2024-11-15T18:53:12.186Z"}
{"level":"error","message":"Error fetching data for Kifepool: Request failed with status code 429","timestamp":"2024-11-15T18:53:12.186Z"}
{"level":"error","message":"Error fetching data for OK-EX: Request failed with status code 429","timestamp":"2024-11-15T18:53:12.200Z"}
{"level":"error","message":"Error fetching data for Kifepool: Request failed with status code 429","timestamp":"2024-11-15T18:53:12.326Z"}
{"level":"error","message":"Error fetching data for Kifepool: Request failed with status code 429","timestamp":"2024-11-15T18:53:12.481Z"}
{"level":"error","message":"Error fetching data for Kifepool: Request failed with status code 429","timestamp":"2024-11-15T18:53:12.483Z"}
{"level":"error","message":"Error fetching data for OK-EX: Request failed with status code 429","timestamp":"2024-11-15T18:53:12.492Z"}
{"level":"error","message":"Error fetching data for Kifepool: Request failed with status code 429","timestamp":"2024-11-15T18:53:12.495Z"}
{"level":"error","message":"Error fetching data for OK-EX: Request failed with status code 429","timestamp":"2024-11-15T18:53:12.497Z"}
{"level":"error","message":"Error fetching data for Kifepool: Request failed with status code 429","timestamp":"2024-11-15T18:53:12.498Z"}
{"level":"error","message":"Error fetching data for Kifepool: Request failed with status code 429","timestamp":"2024-11-15T18:53:12.498Z"}
{"level":"error","message":"Error fetching data for Kifepool: Request failed with status code 429","timestamp":"2024-11-15T18:53:12.499Z"}
{"level":"error","message":"Error fetching data for Kifepool: Request failed with status code 429","timestamp":"2024-11-15T18:53:12.537Z"}
{"level":"error","message":"Error fetching data for Kifepool: Request failed with status code 429","timestamp":"2024-11-15T18:53:12.538Z"}
{"level":"error","message":"Error fetching data for Kifepool: Request failed with status code 429","timestamp":"2024-11-15T18:53:12.540Z"}
{"level":"error","message":"Error fetching data for Kifepool: Request failed with status code 429","timestamp":"2024-11-15T18:53:12.557Z"}
{"level":"error","message":"Error fetching data for Kifepool: Request failed with status code 429","timestamp":"2024-11-15T18:53:12.563Z"}
{"level":"error","message":"Error fetching data for Kifepool: Request failed with status code 429","timestamp":"2024-11-15T18:53:12.579Z"}
{"level":"error","message":"Error fetching data for Kifepool: Request failed with status code 429","timestamp":"2024-11-15T18:53:12.580Z"}
{"level":"error","message":"Error fetching data for OK-EX: Request failed with status code 429","timestamp":"2024-11-15T18:53:12.580Z"}
{"level":"error","message":"Error fetching data for OK-EX: Request failed with status code 429","timestamp":"2024-11-15T18:53:12.581Z"}
{"level":"error","message":"Error fetching data for Kifepool: Request failed with status code 429","timestamp":"2024-11-15T18:53:12.581Z"}
{"level":"error","message":"Error fetching data for Kifepool: Request failed with status code 429","timestamp":"2024-11-15T18:53:12.610Z"}
{"level":"error","message":"Error fetching data for Exir: Request failed with status code 429","timestamp":"2024-11-15T18:53:12.817Z"}
{"level":"error","message":"Error fetching data for OK-EX: Request failed with status code 429","timestamp":"2024-11-15T18:53:12.818Z"}
{"level":"error","message":"Error fetching data for Aban-tether: Request failed with status code 401","timestamp":"2024-11-15T18:53:12.819Z"}
{"level":"error","message":"Error fetching data for Aban-tether: Request failed with status code 401","timestamp":"2024-11-15T18:53:12.819Z"}
{"level":"error","message":"Error fetching data for Exir: Request failed with status code 429","timestamp":"2024-11-15T18:53:12.820Z"}
{"level":"error","message":"Error fetching data for Aban-tether: Request failed with status code 401","timestamp":"2024-11-15T18:53:12.836Z"}
{"level":"error","message":"Error fetching data for Aban-tether: Request failed with status code 401","timestamp":"2024-11-15T18:53:12.837Z"}
{"level":"error","message":"Error fetching data for Aban-tether: Request failed with status code 401","timestamp":"2024-11-15T18:53:12.838Z"}
{"level":"error","message":"Error fetching data for Aban-tether: Request failed with status code 401","timestamp":"2024-11-15T18:53:12.838Z"}
{"level":"error","message":"Error fetching data for Aban-tether: Request failed with status code 401","timestamp":"2024-11-15T18:53:12.838Z"}
{"level":"error","message":"Error fetching data for OK-EX: Request failed with status code 429","timestamp":"2024-11-15T18:53:12.839Z"}
{"level":"error","message":"Error fetching data for Aban-tether: Request failed with status code 401","timestamp":"2024-11-15T18:53:12.839Z"}
{"level":"error","message":"Error fetching data for Aban-tether: Request failed with status code 401","timestamp":"2024-11-15T18:53:12.840Z"}
{"level":"error","message":"Error fetching data for Kifepool: Request failed with status code 429","timestamp":"2024-11-15T18:53:12.859Z"}
{"level":"error","message":"Error fetching data for Aban-tether: Request failed with status code 401","timestamp":"2024-11-15T18:53:12.859Z"}
{"level":"error","message":"Error fetching data for OK-EX: Request failed with status code 429","timestamp":"2024-11-15T18:53:12.860Z"}
{"level":"error","message":"Error fetching data for Aban-tether: Request failed with status code 401","timestamp":"2024-11-15T18:53:12.861Z"}
{"level":"error","message":"Error fetching data for Aban-tether: Request failed with status code 401","timestamp":"2024-11-15T18:53:12.862Z"}
{"level":"error","message":"Error fetching data for Aban-tether: Request failed with status code 401","timestamp":"2024-11-15T18:53:12.863Z"}
{"level":"error","message":"Error fetching data for Aban-tether: Request failed with status code 401","timestamp":"2024-11-15T18:53:12.897Z"}
{"level":"error","message":"Error fetching data for Aban-tether: Request failed with status code 401","timestamp":"2024-11-15T18:53:12.898Z"}
{"level":"error","message":"Error fetching data for Aban-tether: Request failed with status code 401","timestamp":"2024-11-15T18:53:12.898Z"}
{"level":"error","message":"Error fetching data for OK-EX: Request failed with status code 429","timestamp":"2024-11-15T18:53:12.899Z"}
{"level":"error","message":"Error fetching data for Aban-tether: Request failed with status code 401","timestamp":"2024-11-15T18:53:12.900Z"}
{"level":"error","message":"Error fetching data for Exir: Request failed with status code 429","timestamp":"2024-11-15T18:53:12.925Z"}
{"level":"error","message":"Error fetching data for Aban-tether: Request failed with status code 401","timestamp":"2024-11-15T18:53:12.927Z"}
{"level":"error","message":"Error fetching data for Kifepool: Request failed with status code 429","timestamp":"2024-11-15T18:53:12.927Z"}
{"level":"error","message":"Error fetching data for Exir: Request failed with status code 429","timestamp":"2024-11-15T18:53:12.948Z"}
{"level":"error","message":"Error fetching data for Kifepool: Request failed with status code 429","timestamp":"2024-11-15T18:53:12.949Z"}
{"level":"error","message":"Error fetching data for Kifepool: Request failed with status code 429","timestamp":"2024-11-15T18:53:12.950Z"}
{"level":"error","message":"Error fetching data for Kifepool: Request failed with status code 429","timestamp":"2024-11-15T18:53:12.950Z"}
{"level":"error","message":"Error fetching data for Exir: Request failed with status code 429","timestamp":"2024-11-15T18:53:12.962Z"}
{"level":"error","message":"Error fetching data for Exir: Request failed with status code 429","timestamp":"2024-11-15T18:53:12.962Z"}
{"level":"error","message":"Error fetching data for Kifepool: Request failed with status code 429","timestamp":"2024-11-15T18:53:12.963Z"}
{"level":"error","message":"Error fetching data for Aban-tether: Request failed with status code 401","timestamp":"2024-11-15T18:53:12.972Z"}
{"level":"error","message":"Error fetching data for Kifepool: Request failed with status code 429","timestamp":"2024-11-15T18:53:12.972Z"}
{"level":"error","message":"Error fetching data for Exir: Request failed with status code 429","timestamp":"2024-11-15T18:53:12.987Z"}
{"level":"error","message":"Error fetching data for Exir: Request failed with status code 429","timestamp":"2024-11-15T18:53:13.001Z"}
{"level":"error","message":"Error fetching data for Aban-tether: Request failed with status code 401","timestamp":"2024-11-15T18:53:13.014Z"}
{"level":"error","message":"Error fetching data for OK-EX: Request failed with status code 429","timestamp":"2024-11-15T18:53:13.015Z"}
{"level":"error","message":"Error fetching data for Aban-tether: Request failed with status code 401","timestamp":"2024-11-15T18:53:13.029Z"}
{"level":"error","message":"Error fetching data for Kifepool: Request failed with status code 429","timestamp":"2024-11-15T18:53:13.030Z"}
{"level":"error","message":"Error fetching data for Kifepool: Request failed with status code 429","timestamp":"2024-11-15T18:53:13.032Z"}
{"level":"error","message":"Error fetching data for Aban-tether: Request failed with status code 401","timestamp":"2024-11-15T18:53:13.111Z"}
{"level":"error","message":"Error fetching data for Aban-tether: Request failed with status code 401","timestamp":"2024-11-15T18:53:13.166Z"}
{"level":"error","message":"Error fetching data for Kifepool: Request failed with status code 429","timestamp":"2024-11-15T18:53:13.210Z"}
{"level":"error","message":"Error fetching data for Aban-tether: Request failed with status code 401","timestamp":"2024-11-15T18:53:13.211Z"}
{"level":"error","message":"Error fetching data for OK-EX: Request failed with status code 429","timestamp":"2024-11-15T18:53:13.352Z"}
{"level":"error","message":"Error fetching data for OK-EX: Request failed with status code 429","timestamp":"2024-11-15T18:53:13.369Z"}
{"level":"error","message":"Error fetching data for Kifepool: Request failed with status code 429","timestamp":"2024-11-15T18:53:13.370Z"}
{"level":"error","message":"Error fetching data for Kifepool: Request failed with status code 429","timestamp":"2024-11-15T18:53:13.370Z"}
{"level":"error","message":"Error fetching data for OK-EX: Request failed with status code 429","timestamp":"2024-11-15T18:53:13.383Z"}
{"level":"error","message":"Error fetching data for OK-EX: Request failed with status code 429","timestamp":"2024-11-15T18:53:13.428Z"}
{"level":"error","message":"Error fetching data for OK-EX: Request failed with status code 429","timestamp":"2024-11-15T18:53:13.429Z"}
{"level":"error","message":"Error fetching data for Kifepool: Request failed with status code 429","timestamp":"2024-11-15T18:53:13.526Z"}
{"level":"error","message":"Error fetching data for OK-EX: Request failed with status code 429","timestamp":"2024-11-15T18:53:13.665Z"}
{"level":"error","message":"Error fetching data for Kifepool: Request failed with status code 429","timestamp":"2024-11-15T18:53:13.665Z"}
{"level":"error","message":"Error fetching data for Kifepool: Request failed with status code 429","timestamp":"2024-11-15T18:53:13.666Z"}
{"level":"error","message":"Error fetching data for Kifepool: Request failed with status code 429","timestamp":"2024-11-15T18:53:13.667Z"}
{"level":"error","message":"Error fetching data for Kifepool: Request failed with status code 429","timestamp":"2024-11-15T18:53:13.668Z"}
{"level":"error","message":"Error fetching data for OK-EX: Request failed with status code 429","timestamp":"2024-11-15T18:53:13.681Z"}
{"level":"error","message":"Error fetching data for Kifepool: Request failed with status code 429","timestamp":"2024-11-15T18:53:13.682Z"}
{"level":"error","message":"Error fetching data for Kifepool: Request failed with status code 429","timestamp":"2024-11-15T18:53:13.710Z"}
{"level":"error","message":"Error fetching data for OK-EX: Request failed with status code 429","timestamp":"2024-11-15T18:53:13.710Z"}
{"level":"error","message":"Error fetching data for OK-EX: Request failed with status code 429","timestamp":"2024-11-15T18:53:13.722Z"}
{"level":"error","message":"Error fetching data for Kifepool: Request failed with status code 429","timestamp":"2024-11-15T18:53:13.722Z"}
{"level":"error","message":"Error fetching data for Kifepool: Request failed with status code 429","timestamp":"2024-11-15T18:53:13.723Z"}
{"level":"error","message":"Error fetching data for Kifepool: Request failed with status code 429","timestamp":"2024-11-15T18:53:13.734Z"}
{"level":"error","message":"Error fetching data for Kifepool: Request failed with status code 429","timestamp":"2024-11-15T18:53:13.751Z"}
{"level":"error","message":"Error fetching data for Kifepool: Request failed with status code 429","timestamp":"2024-11-15T18:53:13.751Z"}
{"level":"error","message":"Error fetching data for Kifepool: Request failed with status code 429","timestamp":"2024-11-15T18:53:13.752Z"}
{"level":"error","message":"Error fetching data for Aban-tether: Request failed with status code 401","timestamp":"2024-11-15T18:53:13.752Z"}
{"level":"error","message":"Error fetching data for Kifepool: Request failed with status code 429","timestamp":"2024-11-15T18:53:13.753Z"}
{"level":"error","message":"Error fetching data for Kifepool: Request failed with status code 429","timestamp":"2024-11-15T18:53:13.753Z"}
{"level":"error","message":"Error fetching data for Aban-tether: Request failed with status code 401","timestamp":"2024-11-15T18:53:13.764Z"}
{"level":"error","message":"Error fetching data for Kifepool: Request failed with status code 429","timestamp":"2024-11-15T18:53:13.764Z"}
{"level":"error","message":"Error fetching data for Aban-tether: Request failed with status code 401","timestamp":"2024-11-15T18:53:13.765Z"}
{"level":"error","message":"Error fetching data for Aban-tether: Request failed with status code 401","timestamp":"2024-11-15T18:53:13.795Z"}
{"level":"error","message":"Error fetching data for Aban-tether: Request failed with status code 401","timestamp":"2024-11-15T18:53:13.812Z"}
{"level":"error","message":"Error fetching data for Aban-tether: Request failed with status code 401","timestamp":"2024-11-15T18:53:13.813Z"}
{"level":"error","message":"Error fetching data for Aban-tether: Request failed with status code 401","timestamp":"2024-11-15T18:53:13.847Z"}
{"level":"error","message":"Error fetching data for OK-EX: Request failed with status code 429","timestamp":"2024-11-15T18:53:13.861Z"}
{"level":"error","message":"Error fetching data for OK-EX: Request failed with status code 429","timestamp":"2024-11-15T18:53:13.862Z"}
{"level":"error","message":"Error fetching data for Aban-tether: Request failed with status code 401","timestamp":"2024-11-15T18:53:13.876Z"}
{"level":"error","message":"Error fetching data for Aban-tether: Request failed with status code 401","timestamp":"2024-11-15T18:53:13.877Z"}
{"level":"error","message":"Error fetching data for Kifepool: Request failed with status code 429","timestamp":"2024-11-15T18:53:13.877Z"}
{"level":"error","message":"Error fetching data for Aban-tether: Request failed with status code 401","timestamp":"2024-11-15T18:53:13.878Z"}
{"level":"error","message":"Error fetching data for Aban-tether: Request failed with status code 401","timestamp":"2024-11-15T18:53:13.890Z"}
{"level":"error","message":"Error fetching data for Aban-tether: Request failed with status code 401","timestamp":"2024-11-15T18:53:13.891Z"}
{"level":"error","message":"Error fetching data for OK-EX: Request failed with status code 429","timestamp":"2024-11-15T18:53:13.902Z"}
{"level":"error","message":"Error fetching data for OK-EX: Request failed with status code 429","timestamp":"2024-11-15T18:53:13.903Z"}
{"level":"error","message":"Error fetching data for Aban-tether: Request failed with status code 401","timestamp":"2024-11-15T18:53:13.903Z"}
{"level":"error","message":"Error fetching data for Aban-tether: Request failed with status code 401","timestamp":"2024-11-15T18:53:13.914Z"}
{"level":"error","message":"Error fetching data for Aban-tether: Request failed with status code 401","timestamp":"2024-11-15T18:53:13.918Z"}
{"level":"error","message":"Error fetching data for Aban-tether: Request failed with status code 401","timestamp":"2024-11-15T18:53:13.946Z"}
{"level":"error","message":"Error fetching data for Aban-tether: Request failed with status code 401","timestamp":"2024-11-15T18:53:13.946Z"}
{"level":"error","message":"Error fetching data for Kifepool: Request failed with status code 429","timestamp":"2024-11-15T18:53:13.947Z"}
{"level":"error","message":"Error fetching data for Kifepool: Request failed with status code 429","timestamp":"2024-11-15T18:53:13.958Z"}
{"level":"error","message":"Error fetching data for Aban-tether: Request failed with status code 401","timestamp":"2024-11-15T18:53:13.959Z"}
{"level":"error","message":"Error fetching data for Aban-tether: Request failed with status code 401","timestamp":"2024-11-15T18:53:13.959Z"}
{"level":"error","message":"Error fetching data for Kifepool: Request failed with status code 429","timestamp":"2024-11-15T18:53:13.960Z"}
{"level":"error","message":"Error fetching data for Kifepool: Request failed with status code 429","timestamp":"2024-11-15T18:53:13.960Z"}
{"level":"error","message":"Error fetching data for Aban-tether: Request failed with status code 401","timestamp":"2024-11-15T18:53:13.970Z"}
{"level":"error","message":"Error fetching data for Aban-tether: Request failed with status code 401","timestamp":"2024-11-15T18:53:13.971Z"}
{"level":"error","message":"Error fetching data for Kifepool: Request failed with status code 429","timestamp":"2024-11-15T18:53:13.971Z"}
{"level":"error","message":"Error fetching data for Kifepool: Request failed with status code 429","timestamp":"2024-11-15T18:53:13.972Z"}
{"level":"error","message":"Error fetching data for Aban-tether: Request failed with status code 401","timestamp":"2024-11-15T18:53:14.033Z"}
{"level":"error","message":"Error fetching data for Kifepool: Request failed with status code 429","timestamp":"2024-11-15T18:53:14.034Z"}
{"level":"error","message":"Error fetching data for Aban-tether: Request failed with status code 401","timestamp":"2024-11-15T18:53:14.034Z"}
{"level":"error","message":"Error fetching data for Aban-tether: Request failed with status code 401","timestamp":"2024-11-15T18:53:14.034Z"}
{"level":"error","message":"Error fetching data for Aban-tether: Request failed with status code 401","timestamp":"2024-11-15T18:53:14.035Z"}
{"level":"error","message":"Error fetching data for Aban-tether: Request failed with status code 401","timestamp":"2024-11-15T18:53:14.053Z"}
{"level":"error","message":"Error fetching data for Aban-tether: Request failed with status code 401","timestamp":"2024-11-15T18:53:14.053Z"}
{"level":"error","message":"Error fetching data for Aban-tether: Request failed with status code 401","timestamp":"2024-11-15T18:53:14.067Z"}
{"level":"error","message":"Error fetching data for Kifepool: Request failed with status code 429","timestamp":"2024-11-15T18:53:14.067Z"}
{"level":"error","message":"Error fetching data for Aban-tether: Request failed with status code 401","timestamp":"2024-11-15T18:53:14.068Z"}
{"level":"error","message":"Error fetching data for Kifepool: Request failed with status code 429","timestamp":"2024-11-15T18:53:14.069Z"}
{"level":"error","message":"Error fetching data for Aban-tether: Request failed with status code 401","timestamp":"2024-11-15T18:53:14.069Z"}
{"level":"error","message":"Error fetching data for OK-EX: Request failed with status code 429","timestamp":"2024-11-15T18:53:14.070Z"}
{"level":"error","message":"Error fetching data for Aban-tether: Request failed with status code 401","timestamp":"2024-11-15T18:53:14.083Z"}
{"level":"error","message":"Error fetching data for Exir: Request failed with status code 429","timestamp":"2024-11-15T18:53:14.099Z"}
{"level":"error","message":"Error fetching data for Aban-tether: Request failed with status code 401","timestamp":"2024-11-15T18:53:14.114Z"}
{"level":"error","message":"Error fetching data for Exir: Request failed with status code 429","timestamp":"2024-11-15T18:53:14.115Z"}
{"level":"error","message":"Error fetching data for Aban-tether: Request failed with status code 401","timestamp":"2024-11-15T18:53:14.116Z"}
{"level":"error","message":"Error fetching data for Kifepool: Request failed with status code 429","timestamp":"2024-11-15T18:53:14.129Z"}
{"level":"error","message":"Error fetching data for Aban-tether: Request failed with status code 401","timestamp":"2024-11-15T18:53:14.139Z"}
{"level":"error","message":"Error fetching data for Kifepool: Request failed with status code 429","timestamp":"2024-11-15T18:53:14.196Z"}
{"level":"error","message":"Error fetching data for Aban-tether: Request failed with status code 401","timestamp":"2024-11-15T18:53:14.197Z"}
{"level":"error","message":"Error fetching data for Kifepool: Request failed with status code 429","timestamp":"2024-11-15T18:53:14.198Z"}
{"level":"error","message":"Error fetching data for OK-EX: Request failed with status code 429","timestamp":"2024-11-15T18:53:14.223Z"}
{"level":"error","message":"Error fetching data for Kifepool: Request failed with status code 429","timestamp":"2024-11-15T18:53:14.223Z"}
{"level":"error","message":"Error fetching data for Kifepool: Request failed with status code 429","timestamp":"2024-11-15T18:53:14.224Z"}
{"level":"error","message":"Error fetching data for Kifepool: Request failed with status code 429","timestamp":"2024-11-15T18:53:14.259Z"}
{"level":"error","message":"Error fetching data for Kifepool: Request failed with status code 429","timestamp":"2024-11-15T18:53:14.260Z"}
{"level":"error","message":"Error fetching data for OK-EX: Request failed with status code 429","timestamp":"2024-11-15T18:53:14.324Z"}
{"level":"error","message":"Error fetching data for OK-EX: Request failed with status code 429","timestamp":"2024-11-15T18:53:14.377Z"}
{"level":"error","message":"Error fetching data for OK-EX: Request failed with status code 429","timestamp":"2024-11-15T18:53:14.396Z"}
{"level":"error","message":"Error fetching data for OK-EX: Request failed with status code 429","timestamp":"2024-11-15T18:53:14.433Z"}
{"level":"error","message":"Error fetching data for OK-EX: Request failed with status code 429","timestamp":"2024-11-15T18:53:14.545Z"}
{"level":"error","message":"Error fetching data for OK-EX: Request failed with status code 429","timestamp":"2024-11-15T18:53:14.546Z"}
{"level":"error","message":"Error fetching data for Aban-tether: Request failed with status code 401","timestamp":"2024-11-15T18:53:14.550Z"}
{"level":"error","message":"Error fetching data for OK-EX: Request failed with status code 429","timestamp":"2024-11-15T18:53:14.572Z"}
{"level":"error","message":"Error fetching data for OK-EX: Request failed with status code 429","timestamp":"2024-11-15T18:53:14.573Z"}
